[0mGET / [36m304[0m 46.661 ms - -[0m
[0mGET /css/js [33m404[0m 3.059 ms - 145[0m
[0mGET /users/sign-in [36m304[0m 17.295 ms - -[0m
[0mPOST /users/create-session [36m302[0m 7.201 ms - 72[0m
[0mGET /users/sign-in [32m200[0m 5.476 ms - 7052[0m
[0mPOST /users/create-session [36m302[0m 15.958 ms - 46[0m
[0mGET / [32m200[0m 51.543 ms - 24563[0m
[0mGET /css/js [33m404[0m 8.494 ms - 145[0m
[0mPOST /posts/create [32m200[0m 8.900 ms - 335[0m
[0mPOST /posts/create [32m200[0m 12.768 ms - 334[0m
[0mPOST /posts/create [32m200[0m 10.043 ms - 335[0m
[0mGET / [32m200[0m 56.355 ms - 35887[0m
[0mGET /css/js [33m404[0m 3.923 ms - 145[0m
[0mGET / [36m304[0m 33.222 ms - -[0m
[0mGET /css/js [33m404[0m 6.739 ms - 145[0m
[0mGET / [36m304[0m 36.960 ms - -[0m
[0mGET /css/js [33m404[0m 3.385 ms - 145[0m
[0mGET / [36m304[0m 48.473 ms - -[0m
[0mGET /css/js [33m404[0m 13.092 ms - 145[0m
[0mPOST /comments/create [32m200[0m 26.609 ms - 337[0m
[0mGET / [32m200[0m 33.584 ms - 38108[0m
[0mGET /css/js [33m404[0m 5.215 ms - 145[0m
[0mPOST /comments/create [32m200[0m 25.617 ms - 331[0m
[0mGET /css/js [33m404[0m 6.206 ms - 145[0m
[0mGET /favicon.ico [33m404[0m 6.429 ms - 150[0m
[0mGET / [32m200[0m 143.866 ms - 26835[0m
[0mGET /css/js [33m404[0m 10.619 ms - 145[0m
[0mGET /users/sign-in [32m200[0m 10.148 ms - 6830[0m
[0mGET /users/sign-in [36m304[0m 14.218 ms - -[0m
[0mGET /users/sign-in [36m304[0m 10.971 ms - -[0m
[0mGET /users/auth/google [36m302[0m 9.753 ms - 0[0m
[0mGET /users/auth/google/callback?code=4%2F0Adeu5BUmJpJYb4erZwDbcDomDhVyG3YzHCgWH6NPBLtofFFV0dSoGOq1bXlyga70LoaB1A&scope=email+profile+https%3A%2F%2Fwww.googleapis.com%2Fauth%2Fuserinfo.profile+https%3A%2F%2Fwww.googleapis.com%2Fauth%2Fuserinfo.email+openid&authuser=0&prompt=consent [36m302[0m 14544.651 ms - 46[0m
[0mGET / [32m200[0m 92.914 ms - 34617[0m
[0mGET /css/js [33m404[0m 12.999 ms - 145[0m
[0mPOST /likes/toggle/?id=6501dd2c8c0a637e006a3108&type=Comment [32m200[0m 46.333 ms - 57[0m
[0mPOST /likes/toggle/?id=65027dd6f1a0b74d7422100e&type=Post [32m200[0m 18.654 ms - 57[0m
[0mPOST /comments/create [32m200[0m 32.777 ms - 326[0m
[0mGET /users/profile/6441330e51fbdaea1b004694 [31m500[0m 31.345 ms - 2269[0m
[0mGET /users/profile/6441330e51fbdaea1b004694 [32m200[0m 24.468 ms - 6135[0m
[0mGET /users/profile/6441330e51fbdaea1b004694 [36m304[0m 22.448 ms - -[0m
[0mGET / [32m200[0m 95.613 ms - 36273[0m
[0mGET /css/js [33m404[0m 17.811 ms - 145[0m
[0mGET / [36m304[0m 81.834 ms - -[0m
[0mGET /css/js [33m404[0m 17.214 ms - 145[0m
[0mGET / [36m304[0m 92.546 ms - -[0m
[0mGET /css/js [33m404[0m 20.492 ms - 145[0m
[0mGET / [36m304[0m 110.682 ms - -[0m
[0mGET /css/js [33m404[0m 16.361 ms - 145[0m
[0mGET / [36m304[0m 102.708 ms - -[0m
[0mGET /css/js [33m404[0m 23.621 ms - 145[0m
[0mGET /users/profile/6441330e51fbdaea1b004694 [36m304[0m 31.247 ms - -[0m
[0mGET / [36m304[0m 90.055 ms - -[0m
[0mGET /css/js [33m404[0m 19.306 ms - 145[0m
[0mGET /users/profile/6441330e51fbdaea1b004694 [36m304[0m 27.370 ms - -[0m
[0mGET / [36m304[0m 76.655 ms - -[0m
[0mGET /css/js [33m404[0m 15.895 ms - 145[0m
[0mGET /users/profile/64413424a1834d7000120a32 [32m200[0m 15.854 ms - 5686[0m
[0mPOST /friends/toggle/?id=64413424a1834d7000120a32 [32m200[0m 32.983 ms - 57[0m
[0mPOST /friends/toggle/?id=64413424a1834d7000120a32 [32m200[0m 21.908 ms - 56[0m
[0mGET / [36m304[0m 86.528 ms - -[0m
[0mGET /css/js [33m404[0m 19.771 ms - 145[0m
[0mGET /users/profile/644133a291e5f134b34d0c25 [32m200[0m 20.917 ms - 5665[0m
[0mGET /users/profile/6441330e51fbdaea1b004694 [36m304[0m 29.370 ms - -[0m
[0mGET / [36m304[0m 84.427 ms - -[0m
[0mGET /css/js [33m404[0m 15.556 ms - 145[0m
[0mGET /users/profile/644133a291e5f134b34d0c25 [36m304[0m 30.433 ms - -[0m
[0mGET /users/profile/644133a291e5f134b34d0c25 [36m304[0m 23.118 ms - -[0m
[0mGET /users/profile/644133a291e5f134b34d0c25 [36m304[0m 23.447 ms - -[0m
[0mGET /users/profile/644133a291e5f134b34d0c25 [36m304[0m 24.391 ms - -[0m
[0mGET /users/profile/6441330e51fbdaea1b004694 [36m304[0m 22.744 ms - -[0m
[0mPOST /users/update/6441330e51fbdaea1b004694 [36m302[0m 24.441 ms - 164[0m
[0mGET /users/profile/6441330e51fbdaea1b004694 [32m200[0m 27.798 ms - 6427[0m
[0mGET /users/profile/uploads/users/avatars/avatar-1694674096946-794224107 [33m404[0m 16.883 ms - 205[0m
[0mGET /users/profile/uploads/users/avatars/avatar-1694674096946-794224107 [33m404[0m 13.950 ms - 205[0m
[0mGET / [32m200[0m 94.484 ms - 36407[0m
[0mGET /css/js [33m404[0m 25.497 ms - 145[0m
[0mGET /users/profile/6441330e51fbdaea1b004694 [32m200[0m 28.103 ms - 6222[0m
[0mGET /users/profile/uploads/users/avatars/avatar-1694674096946-794224107 [33m404[0m 8.709 ms - 205[0m
[0mGET /users/profile/uploads/users/avatars/avatar-1694674096946-794224107 [33m404[0m 22.172 ms - 205[0m
[0mGET / [36m304[0m 75.046 ms - -[0m
[0mGET /css/js [33m404[0m 27.353 ms - 145[0m
[0mGET /users/profile/6441330e51fbdaea1b004694 [36m304[0m 25.240 ms - -[0m
[0mGET /users/profile/uploads/users/avatars/avatar-1694674096946-794224107 [33m404[0m 13.333 ms - 205[0m
[0mGET / [36m304[0m 91.857 ms - -[0m
[0mGET /css/js [33m404[0m 20.239 ms - 145[0m
[0mGET /users/profile/6441330e51fbdaea1b004694 [36m304[0m 28.179 ms - -[0m
[0mGET /users/profile/uploads/users/avatars/avatar-1694674096946-794224107 [33m404[0m 23.164 ms - 205[0m
[0mPOST /users/update/6441330e51fbdaea1b004694 [36m302[0m 22.255 ms - 164[0m
[0mGET /users/profile/6441330e51fbdaea1b004694 [32m200[0m 22.870 ms - 6472[0m
[0mGET /users/profile/uploads/users/avatars/avatar-1694674454890-801194951 [33m404[0m 19.459 ms - 205[0m
[0mGET / [32m200[0m 91.598 ms - 36461[0m
[0mGET /css/js [33m404[0m 21.742 ms - 145[0m
[0mGET / [32m200[0m 81.921 ms - 36461[0m
[0mGET /css/js [33m404[0m 17.143 ms - 145[0m
[0mGET /users/profile/6441330e51fbdaea1b004694 [32m200[0m 25.333 ms - 6267[0m
[0mGET /users/profile/uploads/users/avatars/avatar-1694674454890-801194951 [33m404[0m 19.832 ms - 205[0m
[0mGET /users/profile/6441330e51fbdaea1b004694 [32m200[0m 27.807 ms - 6319[0m
[0mGET /users/profile/uploads/users/avatars/avatar-1694674454890-801194951 [33m404[0m 6.875 ms - 205[0m
[0mGET /users/profile/uploads/users/avatars/avatar-1694674454890-801194951 [33m404[0m 17.933 ms - 205[0m
[0mGET /users/profile/6441330e51fbdaea1b004694 [36m304[0m 28.733 ms - -[0m
[0mGET /users/profile/uploads/users/avatars/avatar-1694674454890-801194951 [33m404[0m 13.515 ms - 205[0m
[0mGET / [36m304[0m 81.656 ms - -[0m
[0mGET /css/js [33m404[0m 19.552 ms - 145[0m
[0mGET /users/profile/644133a291e5f134b34d0c25 [32m200[0m 23.029 ms - 5833[0m
[0mGET /users/profile/uploads/users/avatars/avatar-1694674454890-801194951 [33m404[0m 13.168 ms - 205[0m
[0mGET /users/profile/uploads/users/avatars/avatar-1684901451398-331544882 [33m404[0m 11.106 ms - 205[0m
[0mGET /users/profile/644133a291e5f134b34d0c25 [36m304[0m 25.489 ms - -[0m
[0mGET /users/profile/uploads/users/avatars/avatar-1694674454890-801194951 [33m404[0m 15.100 ms - 205[0m
[0mGET /users/profile/uploads/users/avatars/avatar-1684901451398-331544882 [33m404[0m 11.833 ms - 205[0m
[0mGET / [36m304[0m 84.091 ms - -[0m
[0mGET /css/js [33m404[0m 15.995 ms - 145[0m
[0mGET /users/profile/644133a291e5f134b34d0c25 [36m304[0m 21.556 ms - -[0m
[0mGET /users/profile/uploads/users/avatars/avatar-1694674454890-801194951 [33m404[0m 9.986 ms - 205[0m
[0mGET /users/profile/uploads/users/avatars/avatar-1684901451398-331544882 [33m404[0m 13.586 ms - 205[0m
[0mGET /users/profile/644133a291e5f134b34d0c25 [32m200[0m 21.475 ms - 6265[0m
[0mGET /users/profile/uploads/users/avatars/avatar-1694674454890-801194951 [33m404[0m 15.440 ms - 205[0m
[0mGET /users/profile/uploads/users/avatars/avatar-1684901451398-331544882 [33m404[0m 13.255 ms - 205[0m
[0mGET /users/profile/644133a291e5f134b34d0c25 [32m200[0m 25.422 ms - 5833[0m
[0mGET /users/profile/uploads/users/avatars/avatar-1694674454890-801194951 [33m404[0m 15.577 ms - 205[0m
[0mGET /users/profile/uploads/users/avatars/avatar-1684901451398-331544882 [33m404[0m 10.572 ms - 205[0m
[0mGET / [36m304[0m 81.785 ms - -[0m
[0mGET /css/js [33m404[0m 36.206 ms - 145[0m
[0mGET /users/profile/64413424a1834d7000120a32 [32m200[0m 26.259 ms - 5750[0m
[0mGET /users/profile/uploads/users/avatars/avatar-1694674454890-801194951 [33m404[0m 19.887 ms - 205[0m
[0mGET / [36m304[0m 74.435 ms - -[0m
[0mGET /css/js [33m404[0m 17.152 ms - 145[0m
[0mGET /users/profile/6441330e51fbdaea1b004694 [32m200[0m 25.196 ms - 6521[0m
[0mGET /users/profile/uploads/users/avatars/avatar-1694674454890-801194951 [33m404[0m 15.629 ms - 205[0m
[0mGET /users/profile/6441330e51fbdaea1b004694 [32m200[0m 22.683 ms - 6319[0m
[0mGET /users/profile/uploads/users/avatars/avatar-1694674454890-801194951 [33m404[0m 12.488 ms - 205[0m
[0mGET /users/profile/uploads/users/avatars/avatar-1694674454890-801194951 [33m404[0m 14.981 ms - 205[0m
[0mGET /users/profile/6441330e51fbdaea1b004694 [32m200[0m 36.323 ms - 6387[0m
[0mGET /users/profile/uploads/users/avatars/avatar-1694674454890-801194951 [33m404[0m 8.929 ms - 205[0m
[0mGET /users/profile/uploads/users/avatars/avatar-1694674454890-801194951 [33m404[0m 12.257 ms - 205[0m
[0mGET / [36m304[0m 76.110 ms - -[0m
[0mGET /css/js [33m404[0m 16.101 ms - 145[0m
[0mGET /users/profile/644133a291e5f134b34d0c25 [32m200[0m 30.722 ms - 6472[0m
[0mGET /users/profile/uploads/users/avatars/avatar-1694674454890-801194951 [33m404[0m 14.081 ms - 205[0m
[0mGET /users/profile/uploads/users/avatars/avatar-1684901451398-331544882 [33m404[0m 11.415 ms - 205[0m
[0mGET /users/profile/644133a291e5f134b34d0c25 [36m304[0m 24.438 ms - -[0m
[0mGET /users/profile/uploads/users/avatars/avatar-1694674454890-801194951 [33m404[0m 11.433 ms - 205[0m
[0mGET /users/profile/uploads/users/avatars/avatar-1684901451398-331544882 [33m404[0m 10.470 ms - 205[0m
[0mGET /users/profile/644133a291e5f134b34d0c25 [32m200[0m 26.036 ms - 6667[0m
[0mGET /users/profile/uploads/users/avatars/avatar-1694674454890-801194951 [33m404[0m 15.771 ms - 205[0m
[0mGET /users/profile/uploads/users/avatars/avatar-1684901451398-331544882 [33m404[0m 13.773 ms - 205[0m
[0mGET / [36m304[0m 96.426 ms - -[0m
[0mGET /css/js [33m404[0m 8.708 ms - 145[0m
[0mGET /users/profile/644133a291e5f134b34d0c25 [32m200[0m 37.624 ms - 6472[0m
[0mGET /users/profile/uploads/users/avatars/avatar-1694674454890-801194951 [33m404[0m 18.335 ms - 205[0m
[0mGET /users/profile/uploads/users/avatars/avatar-1684901451398-331544882 [33m404[0m 14.131 ms - 205[0m
[0mGET / [36m304[0m 67.741 ms - -[0m
[0mGET /css/js [33m404[0m 10.611 ms - 145[0m
[0mGET /users/profile/644133a291e5f134b34d0c25 [36m304[0m 26.478 ms - -[0m
[0mGET /users/profile/uploads/users/avatars/avatar-1694674454890-801194951 [33m404[0m 12.037 ms - 205[0m
[0mGET /users/profile/uploads/users/avatars/avatar-1684901451398-331544882 [33m404[0m 11.655 ms - 205[0m
[0mGET /users/profile/644133a291e5f134b34d0c25 [32m200[0m 22.014 ms - 6762[0m
[0mGET /users/profile/uploads/users/avatars/avatar-1694674454890-801194951 [33m404[0m 12.798 ms - 205[0m
[0mGET /users/profile/uploads/users/avatars/avatar-1684901451398-331544882 [33m404[0m 15.161 ms - 205[0m
[0mGET /users/profile/644133a291e5f134b34d0c25 [32m200[0m 27.904 ms - 6695[0m
[0mGET /users/profile/uploads/users/avatars/avatar-1694674454890-801194951 [33m404[0m 12.087 ms - 205[0m
[0mGET /users/profile/uploads/users/avatars/avatar-1684901451398-331544882 [33m404[0m 13.229 ms - 205[0m
[0mGET / [32m200[0m 86.249 ms - 36458[0m
[0mGET /css/js [33m404[0m 7.585 ms - 145[0m
[0mGET / [36m304[0m 116.177 ms - -[0m
[0mGET /css/js [33m404[0m 14.803 ms - 145[0m
[0mPOST /comments/create [32m200[0m 40.586 ms - 328[0m
[0mGET /comments/destroy/6502bb1b5b7bf0406082db38 [32m200[0m 83.059 ms - 78[0m
[0mGET / [36m304[0m 88.381 ms - -[0m
[0mGET /css/js [33m404[0m 21.116 ms - 145[0m
[0mPOST /comments/create [32m200[0m 31.747 ms - 327[0m
[0mGET / [32m200[0m 102.573 ms - 38145[0m
[0mGET /css/js [33m404[0m 30.235 ms - 145[0m
[0mGET / [36m304[0m 87.962 ms - -[0m
[0mGET /css/js [33m404[0m 6.380 ms - 145[0m
[0mGET /users/sign-out [36m302[0m 9.584 ms - 46[0m
[0mGET / [32m200[0m 41.144 ms - 29471[0m
[0mGET /css/js [33m404[0m 3.047 ms - 145[0m
[0mGET /users/sign-in [36m304[0m 10.377 ms - -[0m
[0mGET /users/auth/google [36m302[0m 5.999 ms - 0[0m
[0mPOST /users/create-session [36m302[0m 8.165 ms - 46[0m
[0mGET / [32m200[0m 84.446 ms - 44727[0m
[0mGET /css/js [33m404[0m 8.960 ms - 145[0m
[0mGET / [32m200[0m 55.506 ms - 43468[0m
[0mGET /css/js [33m404[0m 5.509 ms - 145[0m
[0mGET / [36m304[0m 73.806 ms - -[0m
[0mGET /css/js [33m404[0m 11.057 ms - 145[0m
[0mPOST /comments/create [32m200[0m 46.464 ms - 336[0m
[0mPOST /comments/create [32m200[0m 15.738 ms - 335[0m
[0mPOST /comments/create [32m200[0m 15.317 ms - 340[0m
[0mGET /users/profile/644133a291e5f134b34d0c25 [32m200[0m 22.637 ms - 6626[0m
[0mGET /users/profile/uploads/users/avatars/avatar-1684901451398-331544882 [33m404[0m 7.663 ms - 205[0m
[0mGET / [32m200[0m 92.759 ms - 50139[0m
[0mGET /css/js [33m404[0m 24.585 ms - 145[0m
[0mGET / [32m200[0m 41.269 ms - 50949[0m
[0mGET /css/js [33m404[0m 5.608 ms - 145[0m
[0mGET / [36m304[0m 135.300 ms - -[0m
[0mGET /css/js [33m404[0m 6.451 ms - 145[0m
[0mGET / [36m304[0m 119.851 ms - -[0m
[0mGET /css/js [33m404[0m 15.155 ms - 145[0m
[0mGET / [36m304[0m 134.207 ms - -[0m
[0mGET /css/js [33m404[0m 14.111 ms - 145[0m
[0mGET / [36m304[0m 116.124 ms - -[0m
[0mGET /css/js [33m404[0m 16.080 ms - 145[0m
[0mGET / [32m200[0m 62.398 ms - 50994[0m
[0mGET /css/js [33m404[0m 12.716 ms - 145[0m
[0mGET / [32m200[0m 111.507 ms - 50139[0m
[0mGET /css/js [33m404[0m 15.630 ms - 145[0m
[0mGET / [36m304[0m 98.878 ms - -[0m
[0mGET /css/js [33m404[0m 15.362 ms - 145[0m
[0mGET /comments/destroy/6502bc47a4b0f9d085d9d987 [32m200[0m 41.136 ms - 78[0m
[0mGET /comments/destroy/6502bc41a4b0f9d085d9d981 [32m200[0m 21.959 ms - 78[0m
[0mGET /comments/destroy/6502bc3da4b0f9d085d9d97b [32m200[0m 19.652 ms - 78[0m
[0mGET /comments/destroy/65028387f1a0b74d74221037 [32m200[0m 11.614 ms - 78[0m
[0mGET / [32m200[0m 43.747 ms - 41247[0m
[0mGET /css/js [33m404[0m 6.418 ms - 145[0m
[0mGET /comments/destroy/65028432f1a0b74d74221047 [32m200[0m 18.079 ms - 78[0m
[0mGET /posts/destroy/65027dd2f1a0b74d7422100a [32m200[0m 14.026 ms - 73[0m
[0mGET /posts/destroy/65027dcff1a0b74d74221006 [32m200[0m 16.335 ms - 73[0m
[0mGET /posts/destroy/6501e0228c0a637e006a315f [32m200[0m 19.948 ms - 73[0m
[0mGET /posts/destroy/6501d737fe14a558d2916bd8 [32m200[0m 15.287 ms - 73[0m
[0mPOST /posts/create [32m200[0m 31.896 ms - 338[0m
[0mPOST /posts/create [32m200[0m 15.510 ms - 333[0m
[0mPOST /posts/create [32m200[0m 16.387 ms - 333[0m
[0mPOST /posts/create [32m200[0m 10.469 ms - 333[0m
[0mPOST /posts/create [32m200[0m 11.908 ms - 333[0m
[0mPOST /posts/create [32m200[0m 14.150 ms - 334[0m
[0mGET / [32m200[0m 38.058 ms - 42279[0m
[0mGET /css/js [33m404[0m 5.078 ms - 145[0m
[0mGET / [36m304[0m 126.209 ms - -[0m
[0mGET /css/js [33m404[0m 5.701 ms - 145[0m
[0mGET / [36m304[0m 85.384 ms - -[0m
[0mGET /css/js [33m404[0m 5.291 ms - 145[0m
[0mGET / [36m304[0m 133.294 ms - -[0m
[0mGET /css/js [33m404[0m 17.126 ms - 145[0m
[0mGET / [36m304[0m 43.951 ms - -[0m
[0mGET /css/js [33m404[0m 10.861 ms - 145[0m
[0mGET / [36m304[0m 138.344 ms - -[0m
[0mGET /css/js [33m404[0m 8.362 ms - 145[0m
[0mGET / [36m304[0m 119.890 ms - -[0m
[0mGET /css/js [33m404[0m 17.131 ms - 145[0m
[0mGET / [36m304[0m 85.017 ms - -[0m
[0mGET /css/js [33m404[0m 8.329 ms - 145[0m
[0mGET / [36m304[0m 126.535 ms - -[0m
[0mGET /css/js [33m404[0m 8.360 ms - 145[0m
[0mGET / [36m304[0m 85.668 ms - -[0m
[0mGET /css/js [33m404[0m 18.667 ms - 145[0m
[0mGET / [36m304[0m 127.870 ms - -[0m
[0mGET /css/js [33m404[0m 18.749 ms - 145[0m
[0mGET / [36m304[0m 108.955 ms - -[0m
[0mGET /css/js [33m404[0m 18.891 ms - 145[0m
[0mGET /socket.io/?EIO=4&transport=polling&t=OgIq29p [33m404[0m 40.343 ms - 149[0m
[0mGET /favicon.ico [33m404[0m 6.072 ms - 150[0m
[0mGET / [36m304[0m 98.079 ms - -[0m
[0mGET /css/js [33m404[0m 7.756 ms - 145[0m
[0mGET / [36m304[0m 92.105 ms - -[0m
[0mGET /css/js [33m404[0m 13.010 ms - 145[0m
[0mGET / [36m304[0m 88.778 ms - -[0m
[0mGET /css/js [33m404[0m 11.010 ms - 145[0m
